#
# A fatal error has been detected by the Java Runtime Environment:
#
#  EXCEPTION_ACCESS_VIOLATION (0xc0000005) at pc=0x00007fffaed4db8f, pid=4464, tid=7268
#
# JRE version: 7.0_25-b17
# Java VM: Java HotSpot(TM) 64-Bit Server VM (23.25-b01 mixed mode windows-amd64 compressed oops)
# Problematic frame:
# C  [nvcuda.dll+0x21db8f]  cuProfilerStop+0x1fe3af
#
# Failed to write core dump. Minidumps are not enabled by default on client versions of Windows
#
# If you would like to submit a bug report, please visit:
#   http://bugreport.sun.com/bugreport/crash.jsp
# The crash happened outside the Java Virtual Machine in native code.
# See problematic frame for where to report the bug.
#

---------------  T H R E A D  ---------------

Current thread (0x000000000b0bc000):  JavaThread "AWT-EventQueue-0" [_thread_in_native, id=7268, stack(0x000000000bd60000,0x000000000be60000)]

siginfo: ExceptionCode=0xc0000005, reading address 0x00000000f05a0000

Registers:
RAX=0x000000000c640090, RBX=0x00000000f05a0000, RCX=0x000000000dad0748, RDX=0x00000000e2acf8b8
RSP=0x000000000be5d3e8, RBP=0x000000000b0ceb90, RSI=0x0000000000000012, RDI=0x000000000dab6380
R8 =0x0000000000000008, R9 =0x0000000000000001, R10=0x0000000000000ff8, R11=0x000000000dad0748
R12=0x0000000000000058, R13=0x0000000000000000, R14=0x000000000c6a8a50, R15=0x0000000000000001
RIP=0x00007fffaed4db8f, EFLAGS=0x0000000000010202

Top of Stack: (sp=0x000000000be5d3e8)
0x000000000be5d3e8:   00007fffaeb98f8b 0000000000000000
0x000000000be5d3f8:   0000000000000ffc 000000000dad0744
0x000000000be5d408:   00007fffaeb98f3c 0000000000000480
0x000000000be5d418:   00007fffaeb5eb9c 0000000000000000
0x000000000be5d428:   000000000b0ceb00 000000000c425fd0
0x000000000be5d438:   000000000dab6380 0000000000000001
0x000000000be5d448:   000000000c6a8a50 0000000000000000
0x000000000be5d458:   0000000000000000 000000000b0bc000
0x000000000be5d468:   000000000dab6380 000000000dab6380
0x000000000be5d478:   0000000000000001 0000000000000001
0x000000000be5d488:   0000000000000006 000000000dab6380
0x000000000be5d498:   00007fffaeb5ed3b 0000000000000000
0x000000000be5d4a8:   0000000000000001 0000000000000006
0x000000000be5d4b8:   00007fff00000001 0000000000000001
0x000000000be5d4c8:   0000000000000080 0000000000000001
0x000000000be5d4d8:   0000000000000001 0000db8c00000000 

Instructions: (pc=0x00007fffaed4db8f)
0x00007fffaed4db6f:   0d 8b 04 0a 49 83 e8 04 89 01 48 83 c1 04 4d 8b
0x00007fffaed4db7f:   c8 49 c1 e9 05 75 51 4d 8b c8 49 c1 e9 03 74 14
0x00007fffaed4db8f:   48 8b 04 0a 48 89 01 48 83 c1 08 49 ff c9 75 f0
0x00007fffaed4db9f:   49 83 e0 07 4d 85 c0 75 08 49 8b c3 c3 0f 1f 40 


Register to memory mapping:

RAX=0x000000000c640090 is an unknown value
RBX=0x00000000f05a0000 is an unallocated location in the heap
RCX=0x000000000dad0748 is an unknown value
RDX=0x00000000e2acf8b8 is an unallocated location in the heap
RSP=0x000000000be5d3e8 is pointing into the stack for thread: 0x000000000b0bc000
RBP=0x000000000b0ceb90 is an unknown value
RSI=0x0000000000000012 is an unknown value
RDI=0x000000000dab6380 is an unknown value
R8 =0x0000000000000008 is an unknown value
R9 =0x0000000000000001 is an unknown value
R10=0x0000000000000ff8 is an unknown value
R11=0x000000000dad0748 is an unknown value
R12=0x0000000000000058 is an unknown value
R13=0x0000000000000000 is an unknown value
R14=0x000000000c6a8a50 is an unknown value
R15=0x0000000000000001 is an unknown value


Stack: [0x000000000bd60000,0x000000000be60000],  sp=0x000000000be5d3e8,  free space=1012k
Native frames: (J=compiled Java code, j=interpreted, Vv=VM code, C=native code)
C  [nvcuda.dll+0x21db8f]  cuProfilerStop+0x1fe3af

Java frames: (J=compiled Java code, j=interpreted, Vv=VM code)
j  jcuda.driver.JCudaDriver.cuLaunchKernelNative(Ljcuda/driver/CUfunction;IIIIIIILjcuda/driver/CUstream;Ljcuda/Pointer;Ljcuda/Pointer;)I+0
j  jcuda.driver.JCudaDriver.cuLaunchKernel(Ljcuda/driver/CUfunction;IIIIIIILjcuda/driver/CUstream;Ljcuda/Pointer;Ljcuda/Pointer;)I+18
j  jcuda.utils.KernelLauncher.call([Ljava/lang/Object;)V+593
j  ray.ParallelRay.calc(Ljava/awt/Graphics2D;[I[I[I)V+384
j  ray.DrawRay.paint(Ljava/awt/Graphics;)V+87
j  javax.swing.JComponent.paintToOffscreen(Ljava/awt/Graphics;IIIIII)V+41
j  javax.swing.RepaintManager$PaintManager.paintDoubleBuffered(Ljavax/swing/JComponent;Ljava/awt/Image;Ljava/awt/Graphics;IIII)V+105
j  javax.swing.RepaintManager$PaintManager.paint(Ljavax/swing/JComponent;Ljavax/swing/JComponent;Ljava/awt/Graphics;IIII)Z+116
j  javax.swing.RepaintManager.paint(Ljavax/swing/JComponent;Ljavax/swing/JComponent;Ljava/awt/Graphics;IIII)V+52
j  javax.swing.JComponent._paintImmediately(IIII)V+683
j  javax.swing.JComponent.paintImmediately(IIII)V+138
j  javax.swing.RepaintManager$3.run()Ljava/lang/Void;+75
j  javax.swing.RepaintManager$3.run()Ljava/lang/Object;+1
v  ~StubRoutines::call_stub
j  java.security.AccessController.doPrivileged(Ljava/security/PrivilegedAction;Ljava/security/AccessControlContext;)Ljava/lang/Object;+0
j  java.security.ProtectionDomain$1.doIntersectionPrivilege(Ljava/security/PrivilegedAction;Ljava/security/AccessControlContext;Ljava/security/AccessControlContext;)Ljava/lang/Object;+28
j  javax.swing.RepaintManager.paintDirtyRegions(Ljava/util/Map;)V+154
j  javax.swing.RepaintManager.paintDirtyRegions()V+46
j  javax.swing.RepaintManager.prePaintDirtyRegions()V+73
j  javax.swing.RepaintManager.access$1000(Ljavax/swing/RepaintManager;)V+1
j  javax.swing.RepaintManager$ProcessingRunnable.run()V+37
j  java.awt.event.InvocationEvent.dispatch()V+47
j  java.awt.EventQueue.dispatchEventImpl(Ljava/awt/AWTEvent;Ljava/lang/Object;)V+21
j  java.awt.EventQueue.access$200(Ljava/awt/EventQueue;Ljava/awt/AWTEvent;Ljava/lang/Object;)V+3
j  java.awt.EventQueue$3.run()Ljava/lang/Void;+12
j  java.awt.EventQueue$3.run()Ljava/lang/Object;+1
v  ~StubRoutines::call_stub
j  java.security.AccessController.doPrivileged(Ljava/security/PrivilegedAction;Ljava/security/AccessControlContext;)Ljava/lang/Object;+0
j  java.security.ProtectionDomain$1.doIntersectionPrivilege(Ljava/security/PrivilegedAction;Ljava/security/AccessControlContext;Ljava/security/AccessControlContext;)Ljava/lang/Object;+28
j  java.awt.EventQueue.dispatchEvent(Ljava/awt/AWTEvent;)V+46
j  java.awt.EventDispatchThread.pumpOneEventForFilters(I)V+245
j  java.awt.EventDispatchThread.pumpEventsForFilter(ILjava/awt/Conditional;Ljava/awt/EventFilter;)V+35
j  java.awt.EventDispatchThread.pumpEventsForHierarchy(ILjava/awt/Conditional;Ljava/awt/Component;)V+11
j  java.awt.EventDispatchThread.pumpEvents(ILjava/awt/Conditional;)V+4
j  java.awt.EventDispatchThread.pumpEvents(Ljava/awt/Conditional;)V+3
j  java.awt.EventDispatchThread.run()V+9
v  ~StubRoutines::call_stub

---------------  P R O C E S S  ---------------

Java Threads: ( => current thread )
  0x000000000b22b800 JavaThread "TimerQueue" daemon [_thread_blocked, id=7868, stack(0x000000000c240000,0x000000000c340000)]
  0x000000000307e000 JavaThread "DestroyJavaVM" [_thread_blocked, id=7172, stack(0x00000000030e0000,0x00000000031e0000)]
=>0x000000000b0bc000 JavaThread "AWT-EventQueue-0" [_thread_in_native, id=7268, stack(0x000000000bd60000,0x000000000be60000)]
  0x000000000b118800 JavaThread "Image Fetcher 0" daemon [_thread_blocked, id=5576, stack(0x000000000bc60000,0x000000000bd60000)]
  0x00000000096ab000 JavaThread "AWT-Windows" daemon [_thread_in_native, id=4132, stack(0x000000000b750000,0x000000000b850000)]
  0x00000000096aa000 JavaThread "AWT-Shutdown" [_thread_blocked, id=3936, stack(0x000000000b650000,0x000000000b750000)]
  0x000000000b05b800 JavaThread "Java2D Disposer" daemon [_thread_blocked, id=3036, stack(0x000000000b550000,0x000000000b650000)]
  0x000000000960b000 JavaThread "Service Thread" daemon [_thread_blocked, id=5296, stack(0x000000000adb0000,0x000000000aeb0000)]
  0x00000000095f6000 JavaThread "C2 CompilerThread1" daemon [_thread_blocked, id=7028, stack(0x000000000acb0000,0x000000000adb0000)]
  0x00000000095f4800 JavaThread "C2 CompilerThread0" daemon [_thread_blocked, id=7192, stack(0x000000000abb0000,0x000000000acb0000)]
  0x00000000095f0800 JavaThread "Attach Listener" daemon [_thread_blocked, id=8044, stack(0x000000000aab0000,0x000000000abb0000)]
  0x00000000095ed000 JavaThread "Signal Dispatcher" daemon [_thread_blocked, id=7568, stack(0x000000000a9b0000,0x000000000aab0000)]
  0x0000000009589000 JavaThread "Finalizer" daemon [_thread_blocked, id=7044, stack(0x000000000a8b0000,0x000000000a9b0000)]
  0x0000000009580800 JavaThread "Reference Handler" daemon [_thread_blocked, id=8048, stack(0x000000000a7b0000,0x000000000a8b0000)]

Other Threads:
  0x0000000009579000 VMThread [stack: 0x000000000a6b0000,0x000000000a7b0000] [id=8092]
  0x0000000009619800 WatcherThread [stack: 0x000000000aeb0000,0x000000000afb0000] [id=2120]

VM state:not at safepoint (normal execution)

VM Mutex/Monitor currently owned by a thread: None

Heap
 PSYoungGen      total 18752K, used 14188K [0x00000000eb200000, 0x00000000ec6e0000, 0x0000000100000000)
  eden space 16128K, 87% used [0x00000000eb200000,0x00000000ebfdb040,0x00000000ec1c0000)
  from space 2624K, 0% used [0x00000000ec450000,0x00000000ec450000,0x00000000ec6e0000)
  to   space 2624K, 0% used [0x00000000ec1c0000,0x00000000ec1c0000,0x00000000ec450000)
 ParOldGen       total 42752K, used 0K [0x00000000c1600000, 0x00000000c3fc0000, 0x00000000eb200000)
  object space 42752K, 0% used [0x00000000c1600000,0x00000000c1600000,0x00000000c3fc0000)
 PSPermGen       total 21248K, used 10426K [0x00000000bc400000, 0x00000000bd8c0000, 0x00000000c1600000)
  object space 21248K, 49% used [0x00000000bc400000,0x00000000bce2eb00,0x00000000bd8c0000)

Card table byte_map: [0x00000000062e0000,0x0000000006500000] byte_map_base: 0x0000000005cfe000

Polling page: 0x00000000013a0000

Code Cache  [0x00000000032e0000, 0x0000000003550000, 0x00000000062e0000)
 total_blobs=433 nmethods=17 adapters=368 free_code_cache=48625Kb largest_free_block=49778880

Compilation events (10 events):
Event: 1.515 Thread 0x00000000095f6000 nmethod 12 0x0000000003364390 code [0x00000000033644e0, 0x0000000003364648]
Event: 1.516 Thread 0x00000000095f6000   14             java.io.Win32FileSystem::normalize (143 bytes)
Event: 1.520 Thread 0x00000000095f4800 nmethod 13 0x00000000033618d0 code [0x0000000003361a20, 0x0000000003361f08]
Event: 1.521 Thread 0x00000000095f6000 nmethod 14 0x0000000003366350 code [0x00000000033664c0, 0x00000000033667b0]
Event: 1.522 Thread 0x00000000095f4800   15             java.lang.String::length (6 bytes)
Event: 1.522 Thread 0x00000000095f4800 nmethod 15 0x0000000003361610 code [0x0000000003361740, 0x0000000003361798]
Event: 2.280 Thread 0x00000000095f6000   16             java.lang.AbstractStringBuilder::ensureCapacityInternal (16 bytes)
Event: 2.283 Thread 0x00000000095f6000 nmethod 16 0x0000000003366a10 code [0x0000000003366b60, 0x0000000003366dd8]
Event: 2.304 Thread 0x00000000095f4800   17             java.util.HashMap::indexFor (6 bytes)
Event: 2.305 Thread 0x00000000095f4800 nmethod 17 0x0000000003342290 code [0x00000000033423c0, 0x00000000033423f8]

GC Heap History (0 events):
No events

Deoptimization events (0 events):
No events

Internal exceptions (10 events):
Event: 2.276 Thread 0x000000000b0bc000 Threw 0x00000000ebec0c38 at C:\jdk7u2_64p\jdk7u25\hotspot\src\share\vm\prims\jvm.cpp:1235
Event: 2.276 Thread 0x000000000b0bc000 Threw 0x00000000ebec26e0 at C:\jdk7u2_64p\jdk7u25\hotspot\src\share\vm\prims\jvm.cpp:1235
Event: 2.276 Thread 0x000000000b0bc000 Threw 0x00000000ebec4b68 at C:\jdk7u2_64p\jdk7u25\hotspot\src\share\vm\prims\jvm.cpp:1235
Event: 2.276 Thread 0x000000000b0bc000 Threw 0x00000000ebec66d0 at C:\jdk7u2_64p\jdk7u25\hotspot\src\share\vm\prims\jvm.cpp:1235
Event: 2.283 Thread 0x000000000b0bc000 Threw 0x00000000ebefac80 at C:\jdk7u2_64p\jdk7u25\hotspot\src\share\vm\prims\jvm.cpp:1235
Event: 2.284 Thread 0x000000000b0bc000 Threw 0x00000000ebf0dd70 at C:\jdk7u2_64p\jdk7u25\hotspot\src\share\vm\prims\jvm.cpp:1235
Event: 2.285 Thread 0x000000000b0bc000 Threw 0x00000000ebf10b40 at C:\jdk7u2_64p\jdk7u25\hotspot\src\share\vm\prims\jvm.cpp:1235
Event: 2.286 Thread 0x000000000b0bc000 Threw 0x00000000ebf58fe0 at C:\jdk7u2_64p\jdk7u25\hotspot\src\share\vm\prims\jvm.cpp:1235
Event: 2.287 Thread 0x000000000b0bc000 Threw 0x00000000ebf58b08 at C:\jdk7u2_64p\jdk7u25\hotspot\src\share\vm\prims\jvm.cpp:1239
Event: 2.287 Thread 0x000000000b0bc000 Threw 0x00000000ebf58b08 at C:\jdk7u2_64p\jdk7u25\hotspot\src\share\vm\prims\jvm.cpp:1239

Events (10 events):
Event: 2.285 loading class 0x000000000b2a5ca0
Event: 2.285 loading class 0x000000000b2a5ca0 done
Event: 2.286 loading class 0x000000000b250520
Event: 2.286 loading class 0x000000000b250520 done
Event: 2.286 loading class 0x000000000b2950e0
Event: 2.286 loading class 0x000000000b2950e0 done
Event: 2.287 loading class 0x00000000032d9ab0
Event: 2.287 loading class 0x00000000032d9530
Event: 2.287 loading class 0x00000000032d9530 done
Event: 2.287 loading class 0x00000000032d9ab0 done


Dynamic libraries:
0x00007ff66b8b0000 - 0x00007ff66b8e3000 	C:\Program Files\Java\jdk1.7.0_25\bin\javaw.exe
0x00007fffcfd70000 - 0x00007fffcff19000 	C:\WINDOWS\SYSTEM32\ntdll.dll
0x00007fffcda50000 - 0x00007fffcdb89000 	C:\WINDOWS\system32\KERNEL32.DLL
0x00007fffcd480000 - 0x00007fffcd58e000 	C:\WINDOWS\system32\KERNELBASE.dll
0x00007fffcbcd0000 - 0x00007fffcbd5b000 	C:\WINDOWS\system32\apphelp.dll
0x00007fffbba20000 - 0x00007fffbba6c000 	C:\WINDOWS\AppPatch\AppPatch64\AcGenral.DLL
0x00007fffce2a0000 - 0x00007fffce347000 	C:\WINDOWS\system32\msvcrt.dll
0x00007fffcce80000 - 0x00007fffcceab000 	C:\WINDOWS\SYSTEM32\SspiCli.dll
0x00007fffcd9f0000 - 0x00007fffcda41000 	C:\WINDOWS\system32\SHLWAPI.dll
0x00007fffce120000 - 0x00007fffce291000 	C:\WINDOWS\system32\USER32.dll
0x00007fffcd740000 - 0x00007fffcd8b6000 	C:\WINDOWS\system32\ole32.dll
0x00007fffce880000 - 0x00007fffcfc8f000 	C:\WINDOWS\system32\SHELL32.dll
0x00007fffcc6b0000 - 0x00007fffcc6cf000 	C:\WINDOWS\SYSTEM32\USERENV.dll
0x00007fffcd8e0000 - 0x00007fffcd985000 	C:\WINDOWS\system32\ADVAPI32.dll
0x00007fffc5740000 - 0x00007fffc575b000 	C:\WINDOWS\SYSTEM32\MPR.dll
0x00007fffce4a0000 - 0x00007fffce5d6000 	C:\WINDOWS\system32\RPCRT4.dll
0x00007fffcd990000 - 0x00007fffcd9e7000 	C:\WINDOWS\SYSTEM32\sechost.dll
0x00007fffcdce0000 - 0x00007fffcdeb7000 	C:\WINDOWS\SYSTEM32\combase.dll
0x00007fffcdb90000 - 0x00007fffcdcd5000 	C:\WINDOWS\system32\GDI32.dll
0x00007fffcd0d0000 - 0x00007fffcd0e4000 	C:\WINDOWS\SYSTEM32\profapi.dll
0x00007fffcb960000 - 0x00007fffcba01000 	C:\WINDOWS\SYSTEM32\SHCORE.dll
0x00007fffce7c0000 - 0x00007fffce7f4000 	C:\WINDOWS\system32\IMM32.DLL
0x00007fffce350000 - 0x00007fffce488000 	C:\WINDOWS\system32\MSCTF.dll
0x00007fffcd020000 - 0x00007fffcd04f000 	C:\Windows\system32\nvinitx.dll
0x000000000f000000 - 0x000000000f006000 	C:\Program Files\NVIDIA Corporation\CoProcManager\detoured.dll
0x00007fffcaed0000 - 0x00007fffcaf2f000 	C:\Program Files\NVIDIA Corporation\CoProcManager\nvd3d9wrapx.dll
0x00007fffce5e0000 - 0x00007fffce7b6000 	C:\WINDOWS\system32\SETUPAPI.dll
0x00007fffcd250000 - 0x00007fffcd29a000 	C:\WINDOWS\system32\CFGMGR32.dll
0x00007fffcad00000 - 0x00007fffcad46000 	C:\Program Files\NVIDIA Corporation\CoProcManager\nvdxgiwrapx.dll
0x00007fffcb290000 - 0x00007fffcb4ea000 	C:\WINDOWS\WinSxS\amd64_microsoft.windows.common-controls_6595b64144ccf1df_6.0.9600.16384_none_62475f7becb72503\COMCTL32.dll
0x0000000068f90000 - 0x0000000069061000 	C:\Program Files\Java\jdk1.7.0_25\jre\bin\msvcr100.dll
0x0000000068880000 - 0x0000000068f8f000 	C:\Program Files\Java\jdk1.7.0_25\jre\bin\server\jvm.dll
0x00007fffb8400000 - 0x00007fffb8409000 	C:\WINDOWS\SYSTEM32\WSOCK32.dll
0x00007fffcac30000 - 0x00007fffcac4f000 	C:\WINDOWS\SYSTEM32\WINMM.dll
0x00007fffcd8d0000 - 0x00007fffcd8d7000 	C:\WINDOWS\system32\PSAPI.DLL
0x00007fffce800000 - 0x00007fffce858000 	C:\WINDOWS\system32\WS2_32.dll
0x00007fffca700000 - 0x00007fffca72a000 	C:\WINDOWS\SYSTEM32\WINMMBASE.dll
0x00007fffcd8c0000 - 0x00007fffcd8c9000 	C:\WINDOWS\system32\NSI.dll
0x00007fffcbf30000 - 0x00007fffcbf56000 	C:\WINDOWS\SYSTEM32\DEVOBJ.dll
0x0000000069f00000 - 0x0000000069f0f000 	C:\Program Files\Java\jdk1.7.0_25\jre\bin\verify.dll
0x0000000068850000 - 0x0000000068878000 	C:\Program Files\Java\jdk1.7.0_25\jre\bin\java.dll
0x0000000068830000 - 0x0000000068845000 	C:\Program Files\Java\jdk1.7.0_25\jre\bin\zip.dll
0x0000000068690000 - 0x0000000068825000 	C:\Program Files\Java\jdk1.7.0_25\jre\bin\awt.dll
0x00007fffcdec0000 - 0x00007fffcdf77000 	C:\WINDOWS\system32\OLEAUT32.dll
0x00007fffcb760000 - 0x00007fffcb781000 	C:\WINDOWS\system32\DWMAPI.DLL
0x00007fffcbe00000 - 0x00007fffcbf22000 	C:\WINDOWS\system32\uxtheme.dll
0x00007fffcbda0000 - 0x00007fffcbdaa000 	C:\WINDOWS\SYSTEM32\kernel.appcore.dll
0x00007fffccf10000 - 0x00007fffccf1a000 	C:\WINDOWS\SYSTEM32\CRYPTBASE.dll
0x00007fffcceb0000 - 0x00007fffccf0e000 	C:\WINDOWS\SYSTEM32\bcryptPrimitives.dll
0x0000000068660000 - 0x0000000068690000 	C:\Program Files\Java\jdk1.7.0_25\jre\bin\jpeg.dll
0x0000000068620000 - 0x000000006865f000 	C:\Program Files\Java\jdk1.7.0_25\jre\bin\fontmanager.dll
0x0000000068600000 - 0x0000000068619000 	C:\Program Files\Java\jdk1.7.0_25\jre\bin\net.dll
0x00007fffcc900000 - 0x00007fffcc958000 	C:\WINDOWS\system32\mswsock.dll
0x00000000685e0000 - 0x00000000685f1000 	C:\Program Files\Java\jdk1.7.0_25\jre\bin\nio.dll
0x0000000068590000 - 0x00000000685d1000 	C:\Program Files\Java\jdk1.7.0_25\jre\bin\t2k.dll
0x00007fffc8190000 - 0x00007fffc81ac000 	C:\Users\Denis\workspace\library\JCuda-All-0.5.0b-bin-windows-x86_64\JCudaRuntime-windows-x86_64.dll
0x00007fffc0f00000 - 0x00007fffc0fa2000 	C:\Program Files\NVIDIA GPU Computing Toolkit\CUDA\v5.0\bin\cudart64_50_35.dll
0x00007fffc8170000 - 0x00007fffc8190000 	C:\Users\Denis\workspace\library\JCuda-All-0.5.0b-bin-windows-x86_64\JCudaDriver-windows-x86_64.dll
0x00007fffaeb30000 - 0x00007fffaf646000 	C:\WINDOWS\SYSTEM32\nvcuda.dll
0x00007fffca300000 - 0x00007fffca614000 	C:\WINDOWS\system32\nvapi64.dll
0x00007fffcacf0000 - 0x00007fffcacfa000 	C:\WINDOWS\SYSTEM32\VERSION.dll
0x00007fffcd590000 - 0x00007fffcd5de000 	C:\WINDOWS\system32\WINTRUST.dll
0x000000000c820000 - 0x000000000c9f7000 	C:\WINDOWS\system32\CRYPT32.dll
0x00007fffcd180000 - 0x00007fffcd192000 	C:\WINDOWS\system32\MSASN1.dll
0x00007fffb6d60000 - 0x00007fffb6ee8000 	C:\WINDOWS\SYSTEM32\dbghelp.dll

VM Arguments:
jvm_args: -Djava.library.path=C:\Users\Denis\workspace\library\JCuda-All-0.5.0b-bin-windows-x86_64;C:\Users\Denis\workspace\library\JCuda-All-0.5.0b-bin-windows-x86_64;C:\Users\Denis\workspace\library\JCuda-All-0.5.0b-bin-windows-x86_64;C:\Users\Denis\workspace\library\JCuda-All-0.5.0b-bin-windows-x86_64 -Dfile.encoding=UTF-8 
java_command: ua.edu.donntu.cs.service.Model2013Juli
Launcher Type: SUN_STANDARD

Environment Variables:
JAVA_HOME=C:\Program Files\Java\jdk1.7.0_25
PATH=C:\Program Files (x86)\NVIDIA Corporation\PhysX\Common;C:\Program Files\NVIDIA GPU Computing Toolkit\CUDA\v5.0\bin\;C:\Program Files\NVIDIA GPU Computing Toolkit\CUDA\v5.0\libnvvp\;C:\Program Files\Common Files\Microsoft Shared\Windows Live;C:\Program Files (x86)\Common Files\Microsoft Shared\Windows Live;C:\WINDOWS\system32;C:\WINDOWS;C:\WINDOWS\System32\Wbem;C:\WINDOWS\System32\WindowsPowerShell\v1.0\;C:\Program Files (x86)\Windows Live\Shared;;C:\Program Files\Common Files\Autodesk Shared\;C:\Program Files (x86)\Microsoft Visual Studio 10.0\VC\bin;C:\Program Files\Java\jdk1.7.0_25;C:\Program Files\Java\jdk1.7.0_25\bin;C:\AppServ\Apache2.2\bin;C:\AppServ\php5;C:\AppServ\MySQL\bin
USERNAME=Denis
OS=Windows_NT
PROCESSOR_IDENTIFIER=Intel64 Family 6 Model 42 Stepping 7, GenuineIntel



---------------  S Y S T E M  ---------------

OS: Windows 8 , 64 bit Build 9200 

CPU:total 4 (2 cores per cpu, 2 threads per core) family 6 model 42 stepping 7, cmov, cx8, fxsr, mmx, sse, sse2, sse3, ssse3, sse4.1, sse4.2, popcnt, avx, ht, tsc, tscinvbit

Memory: 4k page, physical 4101804k(2226028k free), swap 8296108k(6028720k free)

vm_info: Java HotSpot(TM) 64-Bit Server VM (23.25-b01) for windows-amd64 JRE (1.7.0_25-b17), built on Jun 21 2013 12:58:32 by "java_re" with unknown MS VC++:1600

time: Thu Nov 07 14:57:54 2013
elapsed time: 2 seconds

